<?xml version="1.0" encoding="UTF-8"?>
<testsuite xmlns:xsi="http://www.w3.org/2001/XMLSchema-instance" xsi:noNamespaceSchemaLocation="https://maven.apache.org/surefire/maven-surefire-plugin/xsd/surefire-test-report.xsd" name="cn.link.admin.common.AppTest" time="0.045" tests="1" errors="0" skipped="0" failures="0">
  <properties>
    <property name="sun.desktop" value="windows"/>
    <property name="awt.toolkit" value="sun.awt.windows.WToolkit"/>
    <property name="file.encoding.pkg" value="sun.io"/>
    <property name="java.specification.version" value="1.8"/>
    <property name="sun.cpu.isalist" value="amd64"/>
    <property name="sun.jnu.encoding" value="GBK"/>
    <property name="java.class.path" value="C:\github\link-admin\link-admin-common\target\test-classes;C:\github\link-admin\link-admin-common\target\classes;C:\Tools\dpap_v2.0.1\m2\Repository\org\springframework\boot\spring-boot-starter-web\2.2.0.RELEASE\spring-boot-starter-web-2.2.0.RELEASE.jar;C:\Tools\dpap_v2.0.1\m2\Repository\org\springframework\boot\spring-boot-starter\2.2.0.RELEASE\spring-boot-starter-2.2.0.RELEASE.jar;C:\Tools\dpap_v2.0.1\m2\Repository\org\springframework\boot\spring-boot-starter-logging\2.2.0.RELEASE\spring-boot-starter-logging-2.2.0.RELEASE.jar;C:\Tools\dpap_v2.0.1\m2\Repository\ch\qos\logback\logback-classic\1.2.3\logback-classic-1.2.3.jar;C:\Tools\dpap_v2.0.1\m2\Repository\ch\qos\logback\logback-core\1.2.3\logback-core-1.2.3.jar;C:\Tools\dpap_v2.0.1\m2\Repository\org\apache\logging\log4j\log4j-to-slf4j\2.12.1\log4j-to-slf4j-2.12.1.jar;C:\Tools\dpap_v2.0.1\m2\Repository\org\apache\logging\log4j\log4j-api\2.12.1\log4j-api-2.12.1.jar;C:\Tools\dpap_v2.0.1\m2\Repository\org\slf4j\jul-to-slf4j\1.7.28\jul-to-slf4j-1.7.28.jar;C:\Tools\dpap_v2.0.1\m2\Repository\jakarta\annotation\jakarta.annotation-api\1.3.5\jakarta.annotation-api-1.3.5.jar;C:\Tools\dpap_v2.0.1\m2\Repository\org\springframework\spring-core\5.2.0.RELEASE\spring-core-5.2.0.RELEASE.jar;C:\Tools\dpap_v2.0.1\m2\Repository\org\springframework\spring-jcl\5.2.0.RELEASE\spring-jcl-5.2.0.RELEASE.jar;C:\Tools\dpap_v2.0.1\m2\Repository\org\yaml\snakeyaml\1.25\snakeyaml-1.25.jar;C:\Tools\dpap_v2.0.1\m2\Repository\org\springframework\boot\spring-boot-starter-json\2.2.0.RELEASE\spring-boot-starter-json-2.2.0.RELEASE.jar;C:\Tools\dpap_v2.0.1\m2\Repository\com\fasterxml\jackson\core\jackson-databind\2.10.0\jackson-databind-2.10.0.jar;C:\Tools\dpap_v2.0.1\m2\Repository\com\fasterxml\jackson\core\jackson-core\2.10.0\jackson-core-2.10.0.jar;C:\Tools\dpap_v2.0.1\m2\Repository\com\fasterxml\jackson\datatype\jackson-datatype-jdk8\2.10.0\jackson-datatype-jdk8-2.10.0.jar;C:\Tools\dpap_v2.0.1\m2\Repository\com\fasterxml\jackson\datatype\jackson-datatype-jsr310\2.10.0\jackson-datatype-jsr310-2.10.0.jar;C:\Tools\dpap_v2.0.1\m2\Repository\com\fasterxml\jackson\module\jackson-module-parameter-names\2.10.0\jackson-module-parameter-names-2.10.0.jar;C:\Tools\dpap_v2.0.1\m2\Repository\org\springframework\boot\spring-boot-starter-tomcat\2.2.0.RELEASE\spring-boot-starter-tomcat-2.2.0.RELEASE.jar;C:\Tools\dpap_v2.0.1\m2\Repository\org\apache\tomcat\embed\tomcat-embed-core\9.0.27\tomcat-embed-core-9.0.27.jar;C:\Tools\dpap_v2.0.1\m2\Repository\org\apache\tomcat\embed\tomcat-embed-el\9.0.27\tomcat-embed-el-9.0.27.jar;C:\Tools\dpap_v2.0.1\m2\Repository\org\apache\tomcat\embed\tomcat-embed-websocket\9.0.27\tomcat-embed-websocket-9.0.27.jar;C:\Tools\dpap_v2.0.1\m2\Repository\org\springframework\boot\spring-boot-starter-validation\2.2.0.RELEASE\spring-boot-starter-validation-2.2.0.RELEASE.jar;C:\Tools\dpap_v2.0.1\m2\Repository\jakarta\validation\jakarta.validation-api\2.0.1\jakarta.validation-api-2.0.1.jar;C:\Tools\dpap_v2.0.1\m2\Repository\org\hibernate\validator\hibernate-validator\6.0.17.Final\hibernate-validator-6.0.17.Final.jar;C:\Tools\dpap_v2.0.1\m2\Repository\org\jboss\logging\jboss-logging\3.4.1.Final\jboss-logging-3.4.1.Final.jar;C:\Tools\dpap_v2.0.1\m2\Repository\org\springframework\spring-web\5.2.0.RELEASE\spring-web-5.2.0.RELEASE.jar;C:\Tools\dpap_v2.0.1\m2\Repository\org\springframework\spring-beans\5.2.0.RELEASE\spring-beans-5.2.0.RELEASE.jar;C:\Tools\dpap_v2.0.1\m2\Repository\org\springframework\spring-webmvc\5.2.0.RELEASE\spring-webmvc-5.2.0.RELEASE.jar;C:\Tools\dpap_v2.0.1\m2\Repository\org\springframework\spring-context\5.2.0.RELEASE\spring-context-5.2.0.RELEASE.jar;C:\Tools\dpap_v2.0.1\m2\Repository\org\springframework\spring-expression\5.2.0.RELEASE\spring-expression-5.2.0.RELEASE.jar;C:\Tools\dpap_v2.0.1\m2\Repository\org\springframework\boot\spring-boot-starter-aop\2.2.0.RELEASE\spring-boot-starter-aop-2.2.0.RELEASE.jar;C:\Tools\dpap_v2.0.1\m2\Repository\org\springframework\spring-aop\5.2.0.RELEASE\spring-aop-5.2.0.RELEASE.jar;C:\Tools\dpap_v2.0.1\m2\Repository\org\aspectj\aspectjweaver\1.9.4\aspectjweaver-1.9.4.jar;C:\Tools\dpap_v2.0.1\m2\Repository\org\springframework\boot\spring-boot-starter-jdbc\2.2.0.RELEASE\spring-boot-starter-jdbc-2.2.0.RELEASE.jar;C:\Tools\dpap_v2.0.1\m2\Repository\com\zaxxer\HikariCP\3.4.1\HikariCP-3.4.1.jar;C:\Tools\dpap_v2.0.1\m2\Repository\org\springframework\spring-jdbc\5.2.0.RELEASE\spring-jdbc-5.2.0.RELEASE.jar;C:\Tools\dpap_v2.0.1\m2\Repository\org\springframework\spring-tx\5.2.0.RELEASE\spring-tx-5.2.0.RELEASE.jar;C:\Tools\dpap_v2.0.1\m2\Repository\mysql\mysql-connector-java\8.0.18\mysql-connector-java-8.0.18.jar;C:\Tools\dpap_v2.0.1\m2\Repository\org\springframework\boot\spring-boot-starter-data-redis\2.2.0.RELEASE\spring-boot-starter-data-redis-2.2.0.RELEASE.jar;C:\Tools\dpap_v2.0.1\m2\Repository\org\springframework\data\spring-data-redis\2.2.0.RELEASE\spring-data-redis-2.2.0.RELEASE.jar;C:\Tools\dpap_v2.0.1\m2\Repository\org\springframework\data\spring-data-keyvalue\2.2.0.RELEASE\spring-data-keyvalue-2.2.0.RELEASE.jar;C:\Tools\dpap_v2.0.1\m2\Repository\org\springframework\data\spring-data-commons\2.2.0.RELEASE\spring-data-commons-2.2.0.RELEASE.jar;C:\Tools\dpap_v2.0.1\m2\Repository\org\springframework\spring-oxm\5.2.0.RELEASE\spring-oxm-5.2.0.RELEASE.jar;C:\Tools\dpap_v2.0.1\m2\Repository\org\springframework\spring-context-support\5.2.0.RELEASE\spring-context-support-5.2.0.RELEASE.jar;C:\Tools\dpap_v2.0.1\m2\Repository\io\lettuce\lettuce-core\5.2.0.RELEASE\lettuce-core-5.2.0.RELEASE.jar;C:\Tools\dpap_v2.0.1\m2\Repository\io\netty\netty-common\4.1.42.Final\netty-common-4.1.42.Final.jar;C:\Tools\dpap_v2.0.1\m2\Repository\io\netty\netty-handler\4.1.42.Final\netty-handler-4.1.42.Final.jar;C:\Tools\dpap_v2.0.1\m2\Repository\io\netty\netty-buffer\4.1.42.Final\netty-buffer-4.1.42.Final.jar;C:\Tools\dpap_v2.0.1\m2\Repository\io\netty\netty-codec\4.1.42.Final\netty-codec-4.1.42.Final.jar;C:\Tools\dpap_v2.0.1\m2\Repository\io\netty\netty-transport\4.1.42.Final\netty-transport-4.1.42.Final.jar;C:\Tools\dpap_v2.0.1\m2\Repository\io\netty\netty-resolver\4.1.42.Final\netty-resolver-4.1.42.Final.jar;C:\Tools\dpap_v2.0.1\m2\Repository\io\projectreactor\reactor-core\3.3.0.RELEASE\reactor-core-3.3.0.RELEASE.jar;C:\Tools\dpap_v2.0.1\m2\Repository\org\reactivestreams\reactive-streams\1.0.3\reactive-streams-1.0.3.jar;C:\Tools\dpap_v2.0.1\m2\Repository\org\apache\commons\commons-pool2\2.7.0\commons-pool2-2.7.0.jar;C:\Tools\dpap_v2.0.1\m2\Repository\com\alibaba\fastjson\1.2.35\fastjson-1.2.35.jar;C:\Tools\dpap_v2.0.1\m2\Repository\org\slf4j\slf4j-api\1.7.28\slf4j-api-1.7.28.jar;C:\Tools\dpap_v2.0.1\m2\Repository\junit\junit\4.12\junit-4.12.jar;C:\Tools\dpap_v2.0.1\m2\Repository\org\hamcrest\hamcrest-core\2.1\hamcrest-core-2.1.jar;C:\Tools\dpap_v2.0.1\m2\Repository\org\hamcrest\hamcrest\2.1\hamcrest-2.1.jar;C:\Tools\dpap_v2.0.1\m2\Repository\org\springframework\boot\spring-boot-devtools\2.2.0.RELEASE\spring-boot-devtools-2.2.0.RELEASE.jar;C:\Tools\dpap_v2.0.1\m2\Repository\org\springframework\boot\spring-boot\2.2.0.RELEASE\spring-boot-2.2.0.RELEASE.jar;C:\Tools\dpap_v2.0.1\m2\Repository\org\springframework\boot\spring-boot-autoconfigure\2.2.0.RELEASE\spring-boot-autoconfigure-2.2.0.RELEASE.jar;C:\Tools\dpap_v2.0.1\m2\Repository\io\springfox\springfox-swagger2\2.7.0\springfox-swagger2-2.7.0.jar;C:\Tools\dpap_v2.0.1\m2\Repository\io\swagger\swagger-annotations\1.5.13\swagger-annotations-1.5.13.jar;C:\Tools\dpap_v2.0.1\m2\Repository\io\swagger\swagger-models\1.5.13\swagger-models-1.5.13.jar;C:\Tools\dpap_v2.0.1\m2\Repository\com\fasterxml\jackson\core\jackson-annotations\2.10.0\jackson-annotations-2.10.0.jar;C:\Tools\dpap_v2.0.1\m2\Repository\io\springfox\springfox-spi\2.7.0\springfox-spi-2.7.0.jar;C:\Tools\dpap_v2.0.1\m2\Repository\io\springfox\springfox-core\2.7.0\springfox-core-2.7.0.jar;C:\Tools\dpap_v2.0.1\m2\Repository\net\bytebuddy\byte-buddy\1.10.1\byte-buddy-1.10.1.jar;C:\Tools\dpap_v2.0.1\m2\Repository\io\springfox\springfox-schema\2.7.0\springfox-schema-2.7.0.jar;C:\Tools\dpap_v2.0.1\m2\Repository\io\springfox\springfox-swagger-common\2.7.0\springfox-swagger-common-2.7.0.jar;C:\Tools\dpap_v2.0.1\m2\Repository\io\springfox\springfox-spring-web\2.7.0\springfox-spring-web-2.7.0.jar;C:\Tools\dpap_v2.0.1\m2\Repository\org\reflections\reflections\0.9.11\reflections-0.9.11.jar;C:\Tools\dpap_v2.0.1\m2\Repository\org\javassist\javassist\3.21.0-GA\javassist-3.21.0-GA.jar;C:\Tools\dpap_v2.0.1\m2\Repository\com\google\guava\guava\18.0\guava-18.0.jar;C:\Tools\dpap_v2.0.1\m2\Repository\com\fasterxml\classmate\1.5.0\classmate-1.5.0.jar;C:\Tools\dpap_v2.0.1\m2\Repository\org\springframework\plugin\spring-plugin-core\1.2.0.RELEASE\spring-plugin-core-1.2.0.RELEASE.jar;C:\Tools\dpap_v2.0.1\m2\Repository\org\springframework\plugin\spring-plugin-metadata\1.2.0.RELEASE\spring-plugin-metadata-1.2.0.RELEASE.jar;C:\Tools\dpap_v2.0.1\m2\Repository\org\mapstruct\mapstruct\1.1.0.Final\mapstruct-1.1.0.Final.jar;C:\Tools\dpap_v2.0.1\m2\Repository\io\springfox\springfox-swagger-ui\2.7.0\springfox-swagger-ui-2.7.0.jar;C:\Tools\dpap_v2.0.1\m2\Repository\org\apache\commons\commons-lang3\3.9\commons-lang3-3.9.jar;C:\Tools\dpap_v2.0.1\m2\Repository\commons-codec\commons-codec\1.13\commons-codec-1.13.jar;C:\Tools\dpap_v2.0.1\m2\Repository\commons-io\commons-io\2.4\commons-io-2.4.jar;C:\Tools\dpap_v2.0.1\m2\Repository\commons-httpclient\commons-httpclient\3.1\commons-httpclient-3.1.jar;C:\Tools\dpap_v2.0.1\m2\Repository\commons-logging\commons-logging\1.0.4\commons-logging-1.0.4.jar;"/>
    <property name="java.vm.vendor" value="Oracle Corporation"/>
    <property name="sun.arch.data.model" value="64"/>
    <property name="user.variant" value=""/>
    <property name="java.vendor.url" value="http://java.oracle.com/"/>
    <property name="user.timezone" value="Asia/Shanghai"/>
    <property name="java.vm.specification.version" value="1.8"/>
    <property name="os.name" value="Windows 10"/>
    <property name="user.country" value="CN"/>
    <property name="sun.java.launcher" value="SUN_STANDARD"/>
    <property name="sun.boot.library.path" value="C:\Tools\dpap_v2.0.1\jdk1.8.0_144\jre\bin"/>
    <property name="sun.java.command" value="C:\Users\xyy\AppData\Local\Temp\surefire803329662944916571\surefirebooter2318163920805772056.jar C:\Users\xyy\AppData\Local\Temp\surefire803329662944916571 2021-01-14T14-48-08_749-jvmRun1 surefire6558909417743729429tmp surefire_06090592542964843405tmp"/>
    <property name="surefire.test.class.path" value="C:\github\link-admin\link-admin-common\target\test-classes;C:\github\link-admin\link-admin-common\target\classes;C:\Tools\dpap_v2.0.1\m2\Repository\org\springframework\boot\spring-boot-starter-web\2.2.0.RELEASE\spring-boot-starter-web-2.2.0.RELEASE.jar;C:\Tools\dpap_v2.0.1\m2\Repository\org\springframework\boot\spring-boot-starter\2.2.0.RELEASE\spring-boot-starter-2.2.0.RELEASE.jar;C:\Tools\dpap_v2.0.1\m2\Repository\org\springframework\boot\spring-boot-starter-logging\2.2.0.RELEASE\spring-boot-starter-logging-2.2.0.RELEASE.jar;C:\Tools\dpap_v2.0.1\m2\Repository\ch\qos\logback\logback-classic\1.2.3\logback-classic-1.2.3.jar;C:\Tools\dpap_v2.0.1\m2\Repository\ch\qos\logback\logback-core\1.2.3\logback-core-1.2.3.jar;C:\Tools\dpap_v2.0.1\m2\Repository\org\apache\logging\log4j\log4j-to-slf4j\2.12.1\log4j-to-slf4j-2.12.1.jar;C:\Tools\dpap_v2.0.1\m2\Repository\org\apache\logging\log4j\log4j-api\2.12.1\log4j-api-2.12.1.jar;C:\Tools\dpap_v2.0.1\m2\Repository\org\slf4j\jul-to-slf4j\1.7.28\jul-to-slf4j-1.7.28.jar;C:\Tools\dpap_v2.0.1\m2\Repository\jakarta\annotation\jakarta.annotation-api\1.3.5\jakarta.annotation-api-1.3.5.jar;C:\Tools\dpap_v2.0.1\m2\Repository\org\springframework\spring-core\5.2.0.RELEASE\spring-core-5.2.0.RELEASE.jar;C:\Tools\dpap_v2.0.1\m2\Repository\org\springframework\spring-jcl\5.2.0.RELEASE\spring-jcl-5.2.0.RELEASE.jar;C:\Tools\dpap_v2.0.1\m2\Repository\org\yaml\snakeyaml\1.25\snakeyaml-1.25.jar;C:\Tools\dpap_v2.0.1\m2\Repository\org\springframework\boot\spring-boot-starter-json\2.2.0.RELEASE\spring-boot-starter-json-2.2.0.RELEASE.jar;C:\Tools\dpap_v2.0.1\m2\Repository\com\fasterxml\jackson\core\jackson-databind\2.10.0\jackson-databind-2.10.0.jar;C:\Tools\dpap_v2.0.1\m2\Repository\com\fasterxml\jackson\core\jackson-core\2.10.0\jackson-core-2.10.0.jar;C:\Tools\dpap_v2.0.1\m2\Repository\com\fasterxml\jackson\datatype\jackson-datatype-jdk8\2.10.0\jackson-datatype-jdk8-2.10.0.jar;C:\Tools\dpap_v2.0.1\m2\Repository\com\fasterxml\jackson\datatype\jackson-datatype-jsr310\2.10.0\jackson-datatype-jsr310-2.10.0.jar;C:\Tools\dpap_v2.0.1\m2\Repository\com\fasterxml\jackson\module\jackson-module-parameter-names\2.10.0\jackson-module-parameter-names-2.10.0.jar;C:\Tools\dpap_v2.0.1\m2\Repository\org\springframework\boot\spring-boot-starter-tomcat\2.2.0.RELEASE\spring-boot-starter-tomcat-2.2.0.RELEASE.jar;C:\Tools\dpap_v2.0.1\m2\Repository\org\apache\tomcat\embed\tomcat-embed-core\9.0.27\tomcat-embed-core-9.0.27.jar;C:\Tools\dpap_v2.0.1\m2\Repository\org\apache\tomcat\embed\tomcat-embed-el\9.0.27\tomcat-embed-el-9.0.27.jar;C:\Tools\dpap_v2.0.1\m2\Repository\org\apache\tomcat\embed\tomcat-embed-websocket\9.0.27\tomcat-embed-websocket-9.0.27.jar;C:\Tools\dpap_v2.0.1\m2\Repository\org\springframework\boot\spring-boot-starter-validation\2.2.0.RELEASE\spring-boot-starter-validation-2.2.0.RELEASE.jar;C:\Tools\dpap_v2.0.1\m2\Repository\jakarta\validation\jakarta.validation-api\2.0.1\jakarta.validation-api-2.0.1.jar;C:\Tools\dpap_v2.0.1\m2\Repository\org\hibernate\validator\hibernate-validator\6.0.17.Final\hibernate-validator-6.0.17.Final.jar;C:\Tools\dpap_v2.0.1\m2\Repository\org\jboss\logging\jboss-logging\3.4.1.Final\jboss-logging-3.4.1.Final.jar;C:\Tools\dpap_v2.0.1\m2\Repository\org\springframework\spring-web\5.2.0.RELEASE\spring-web-5.2.0.RELEASE.jar;C:\Tools\dpap_v2.0.1\m2\Repository\org\springframework\spring-beans\5.2.0.RELEASE\spring-beans-5.2.0.RELEASE.jar;C:\Tools\dpap_v2.0.1\m2\Repository\org\springframework\spring-webmvc\5.2.0.RELEASE\spring-webmvc-5.2.0.RELEASE.jar;C:\Tools\dpap_v2.0.1\m2\Repository\org\springframework\spring-context\5.2.0.RELEASE\spring-context-5.2.0.RELEASE.jar;C:\Tools\dpap_v2.0.1\m2\Repository\org\springframework\spring-expression\5.2.0.RELEASE\spring-expression-5.2.0.RELEASE.jar;C:\Tools\dpap_v2.0.1\m2\Repository\org\springframework\boot\spring-boot-starter-aop\2.2.0.RELEASE\spring-boot-starter-aop-2.2.0.RELEASE.jar;C:\Tools\dpap_v2.0.1\m2\Repository\org\springframework\spring-aop\5.2.0.RELEASE\spring-aop-5.2.0.RELEASE.jar;C:\Tools\dpap_v2.0.1\m2\Repository\org\aspectj\aspectjweaver\1.9.4\aspectjweaver-1.9.4.jar;C:\Tools\dpap_v2.0.1\m2\Repository\org\springframework\boot\spring-boot-starter-jdbc\2.2.0.RELEASE\spring-boot-starter-jdbc-2.2.0.RELEASE.jar;C:\Tools\dpap_v2.0.1\m2\Repository\com\zaxxer\HikariCP\3.4.1\HikariCP-3.4.1.jar;C:\Tools\dpap_v2.0.1\m2\Repository\org\springframework\spring-jdbc\5.2.0.RELEASE\spring-jdbc-5.2.0.RELEASE.jar;C:\Tools\dpap_v2.0.1\m2\Repository\org\springframework\spring-tx\5.2.0.RELEASE\spring-tx-5.2.0.RELEASE.jar;C:\Tools\dpap_v2.0.1\m2\Repository\mysql\mysql-connector-java\8.0.18\mysql-connector-java-8.0.18.jar;C:\Tools\dpap_v2.0.1\m2\Repository\org\springframework\boot\spring-boot-starter-data-redis\2.2.0.RELEASE\spring-boot-starter-data-redis-2.2.0.RELEASE.jar;C:\Tools\dpap_v2.0.1\m2\Repository\org\springframework\data\spring-data-redis\2.2.0.RELEASE\spring-data-redis-2.2.0.RELEASE.jar;C:\Tools\dpap_v2.0.1\m2\Repository\org\springframework\data\spring-data-keyvalue\2.2.0.RELEASE\spring-data-keyvalue-2.2.0.RELEASE.jar;C:\Tools\dpap_v2.0.1\m2\Repository\org\springframework\data\spring-data-commons\2.2.0.RELEASE\spring-data-commons-2.2.0.RELEASE.jar;C:\Tools\dpap_v2.0.1\m2\Repository\org\springframework\spring-oxm\5.2.0.RELEASE\spring-oxm-5.2.0.RELEASE.jar;C:\Tools\dpap_v2.0.1\m2\Repository\org\springframework\spring-context-support\5.2.0.RELEASE\spring-context-support-5.2.0.RELEASE.jar;C:\Tools\dpap_v2.0.1\m2\Repository\io\lettuce\lettuce-core\5.2.0.RELEASE\lettuce-core-5.2.0.RELEASE.jar;C:\Tools\dpap_v2.0.1\m2\Repository\io\netty\netty-common\4.1.42.Final\netty-common-4.1.42.Final.jar;C:\Tools\dpap_v2.0.1\m2\Repository\io\netty\netty-handler\4.1.42.Final\netty-handler-4.1.42.Final.jar;C:\Tools\dpap_v2.0.1\m2\Repository\io\netty\netty-buffer\4.1.42.Final\netty-buffer-4.1.42.Final.jar;C:\Tools\dpap_v2.0.1\m2\Repository\io\netty\netty-codec\4.1.42.Final\netty-codec-4.1.42.Final.jar;C:\Tools\dpap_v2.0.1\m2\Repository\io\netty\netty-transport\4.1.42.Final\netty-transport-4.1.42.Final.jar;C:\Tools\dpap_v2.0.1\m2\Repository\io\netty\netty-resolver\4.1.42.Final\netty-resolver-4.1.42.Final.jar;C:\Tools\dpap_v2.0.1\m2\Repository\io\projectreactor\reactor-core\3.3.0.RELEASE\reactor-core-3.3.0.RELEASE.jar;C:\Tools\dpap_v2.0.1\m2\Repository\org\reactivestreams\reactive-streams\1.0.3\reactive-streams-1.0.3.jar;C:\Tools\dpap_v2.0.1\m2\Repository\org\apache\commons\commons-pool2\2.7.0\commons-pool2-2.7.0.jar;C:\Tools\dpap_v2.0.1\m2\Repository\com\alibaba\fastjson\1.2.35\fastjson-1.2.35.jar;C:\Tools\dpap_v2.0.1\m2\Repository\org\slf4j\slf4j-api\1.7.28\slf4j-api-1.7.28.jar;C:\Tools\dpap_v2.0.1\m2\Repository\junit\junit\4.12\junit-4.12.jar;C:\Tools\dpap_v2.0.1\m2\Repository\org\hamcrest\hamcrest-core\2.1\hamcrest-core-2.1.jar;C:\Tools\dpap_v2.0.1\m2\Repository\org\hamcrest\hamcrest\2.1\hamcrest-2.1.jar;C:\Tools\dpap_v2.0.1\m2\Repository\org\springframework\boot\spring-boot-devtools\2.2.0.RELEASE\spring-boot-devtools-2.2.0.RELEASE.jar;C:\Tools\dpap_v2.0.1\m2\Repository\org\springframework\boot\spring-boot\2.2.0.RELEASE\spring-boot-2.2.0.RELEASE.jar;C:\Tools\dpap_v2.0.1\m2\Repository\org\springframework\boot\spring-boot-autoconfigure\2.2.0.RELEASE\spring-boot-autoconfigure-2.2.0.RELEASE.jar;C:\Tools\dpap_v2.0.1\m2\Repository\io\springfox\springfox-swagger2\2.7.0\springfox-swagger2-2.7.0.jar;C:\Tools\dpap_v2.0.1\m2\Repository\io\swagger\swagger-annotations\1.5.13\swagger-annotations-1.5.13.jar;C:\Tools\dpap_v2.0.1\m2\Repository\io\swagger\swagger-models\1.5.13\swagger-models-1.5.13.jar;C:\Tools\dpap_v2.0.1\m2\Repository\com\fasterxml\jackson\core\jackson-annotations\2.10.0\jackson-annotations-2.10.0.jar;C:\Tools\dpap_v2.0.1\m2\Repository\io\springfox\springfox-spi\2.7.0\springfox-spi-2.7.0.jar;C:\Tools\dpap_v2.0.1\m2\Repository\io\springfox\springfox-core\2.7.0\springfox-core-2.7.0.jar;C:\Tools\dpap_v2.0.1\m2\Repository\net\bytebuddy\byte-buddy\1.10.1\byte-buddy-1.10.1.jar;C:\Tools\dpap_v2.0.1\m2\Repository\io\springfox\springfox-schema\2.7.0\springfox-schema-2.7.0.jar;C:\Tools\dpap_v2.0.1\m2\Repository\io\springfox\springfox-swagger-common\2.7.0\springfox-swagger-common-2.7.0.jar;C:\Tools\dpap_v2.0.1\m2\Repository\io\springfox\springfox-spring-web\2.7.0\springfox-spring-web-2.7.0.jar;C:\Tools\dpap_v2.0.1\m2\Repository\org\reflections\reflections\0.9.11\reflections-0.9.11.jar;C:\Tools\dpap_v2.0.1\m2\Repository\org\javassist\javassist\3.21.0-GA\javassist-3.21.0-GA.jar;C:\Tools\dpap_v2.0.1\m2\Repository\com\google\guava\guava\18.0\guava-18.0.jar;C:\Tools\dpap_v2.0.1\m2\Repository\com\fasterxml\classmate\1.5.0\classmate-1.5.0.jar;C:\Tools\dpap_v2.0.1\m2\Repository\org\springframework\plugin\spring-plugin-core\1.2.0.RELEASE\spring-plugin-core-1.2.0.RELEASE.jar;C:\Tools\dpap_v2.0.1\m2\Repository\org\springframework\plugin\spring-plugin-metadata\1.2.0.RELEASE\spring-plugin-metadata-1.2.0.RELEASE.jar;C:\Tools\dpap_v2.0.1\m2\Repository\org\mapstruct\mapstruct\1.1.0.Final\mapstruct-1.1.0.Final.jar;C:\Tools\dpap_v2.0.1\m2\Repository\io\springfox\springfox-swagger-ui\2.7.0\springfox-swagger-ui-2.7.0.jar;C:\Tools\dpap_v2.0.1\m2\Repository\org\apache\commons\commons-lang3\3.9\commons-lang3-3.9.jar;C:\Tools\dpap_v2.0.1\m2\Repository\commons-codec\commons-codec\1.13\commons-codec-1.13.jar;C:\Tools\dpap_v2.0.1\m2\Repository\commons-io\commons-io\2.4\commons-io-2.4.jar;C:\Tools\dpap_v2.0.1\m2\Repository\commons-httpclient\commons-httpclient\3.1\commons-httpclient-3.1.jar;C:\Tools\dpap_v2.0.1\m2\Repository\commons-logging\commons-logging\1.0.4\commons-logging-1.0.4.jar;"/>
    <property name="sun.cpu.endian" value="little"/>
    <property name="user.home" value="C:\Users\xyy"/>
    <property name="user.language" value="zh"/>
    <property name="java.specification.vendor" value="Oracle Corporation"/>
    <property name="java.home" value="C:\Tools\dpap_v2.0.1\jdk1.8.0_144\jre"/>
    <property name="basedir" value="C:\github\link-admin\link-admin-common"/>
    <property name="file.separator" value="\"/>
    <property name="line.separator" value="&#10;"/>
    <property name="java.vm.specification.vendor" value="Oracle Corporation"/>
    <property name="java.specification.name" value="Java Platform API Specification"/>
    <property name="java.awt.graphicsenv" value="sun.awt.Win32GraphicsEnvironment"/>
    <property name="surefire.real.class.path" value="C:\Users\xyy\AppData\Local\Temp\surefire803329662944916571\surefirebooter2318163920805772056.jar"/>
    <property name="sun.boot.class.path" value="C:\Tools\dpap_v2.0.1\jdk1.8.0_144\jre\lib\resources.jar;C:\Tools\dpap_v2.0.1\jdk1.8.0_144\jre\lib\rt.jar;C:\Tools\dpap_v2.0.1\jdk1.8.0_144\jre\lib\sunrsasign.jar;C:\Tools\dpap_v2.0.1\jdk1.8.0_144\jre\lib\jsse.jar;C:\Tools\dpap_v2.0.1\jdk1.8.0_144\jre\lib\jce.jar;C:\Tools\dpap_v2.0.1\jdk1.8.0_144\jre\lib\charsets.jar;C:\Tools\dpap_v2.0.1\jdk1.8.0_144\jre\lib\jfr.jar;C:\Tools\dpap_v2.0.1\jdk1.8.0_144\jre\classes"/>
    <property name="user.script" value=""/>
    <property name="sun.management.compiler" value="HotSpot 64-Bit Tiered Compilers"/>
    <property name="java.runtime.version" value="1.8.0_144-b01"/>
    <property name="user.name" value="xyy"/>
    <property name="path.separator" value=";"/>
    <property name="os.version" value="10.0"/>
    <property name="java.endorsed.dirs" value="C:\Tools\dpap_v2.0.1\jdk1.8.0_144\jre\lib\endorsed"/>
    <property name="java.runtime.name" value="Java(TM) SE Runtime Environment"/>
    <property name="file.encoding" value="GBK"/>
    <property name="java.vm.name" value="Java HotSpot(TM) 64-Bit Server VM"/>
    <property name="localRepository" value="C:\Tools\dpap_v2.0.1\m2\Repository"/>
    <property name="java.vendor.url.bug" value="http://bugreport.sun.com/bugreport/"/>
    <property name="java.io.tmpdir" value="C:\Users\xyy\AppData\Local\Temp\"/>
    <property name="java.version" value="1.8.0_144"/>
    <property name="user.dir" value="C:\github\link-admin\link-admin-common"/>
    <property name="os.arch" value="amd64"/>
    <property name="java.vm.specification.name" value="Java Virtual Machine Specification"/>
    <property name="java.awt.printerjob" value="sun.awt.windows.WPrinterJob"/>
    <property name="sun.os.patch.level" value=""/>
    <property name="java.library.path" value="C:\Tools\dpap_v2.0.1\jdk1.8.0_144\jre\bin;C:\Windows\Sun\Java\bin;C:\Windows\system32;C:\Windows;C:/Tools/dpap_v2.0.1/jdk1.8.0_144/bin/../jre/bin/server;C:/Tools/dpap_v2.0.1/jdk1.8.0_144/bin/../jre/bin;C:/Tools/dpap_v2.0.1/jdk1.8.0_144/bin/../jre/lib/amd64;C:\Program Files\OraClient10g\bin;C:\Program Files (x86)\Common Files\NetSarang;C:\Windows\system32;C:\Windows;C:\Windows\System32\Wbem;C:\Windows\System32\WindowsPowerShell\v1.0\;C:\Windows\System32\OpenSSH\;C:\Program Files\TortoiseSVN\bin;C:\Program Files\nodejs\;C:\Program Files\Git\cmd;C:\Users\xyy\AppData\Local\Microsoft\WindowsApps;C:\Users\xyy\AppData\Roaming\npm;C:\Tools\dpap_v2.0.1\jdk1.8.0_144\bin;C:\Tools\dpap_v2.0.1\apache-maven-3.0.4\bin;C:\Users\xyy\AppData\Local\Microsoft\WindowsApps;C:\Users\xyy\AppData\Roaming\npm;C:\Program Files\JetBrains\IntelliJ IDEA Community Edition 2020.3\bin;;C:\Tools\dpap_v2.0.1\eclipse-x64-2015;;."/>
    <property name="java.vm.info" value="mixed mode"/>
    <property name="java.vendor" value="Oracle Corporation"/>
    <property name="java.vm.version" value="25.144-b01"/>
    <property name="java.ext.dirs" value="C:\Tools\dpap_v2.0.1\jdk1.8.0_144\jre\lib\ext;C:\Windows\Sun\Java\lib\ext"/>
    <property name="sun.io.unicode.encoding" value="UnicodeLittle"/>
    <property name="java.class.version" value="52.0"/>
  </properties>
  <testcase name="shouldAnswerWithTrue" classname="cn.link.admin.common.AppTest" time="0.002"/>
</testsuite>